INFO  []                       CLI 281  | CLI args: [-batch, -output, /output, -export, /input/score_23.pdf]
INFO  []              TesseractOCR 121  | TESSDATA_PREFIX: null
INFO  []              TesseractOCR 137  | Creating OCR folder /root/.config/AudiverisLtd/audiveris/tessdata
INFO  []                      Main 416  | Environment:
- Audiveris:    5.6.1:217020556
- OS:           Linux 5.15.153.1-microsoft-standard-WSL2
- Architecture: amd64
- Java VM:      OpenJDK 64-Bit Server VM (build 21+35-2513, mixed mode, sharing)
- OCR Engine:   Tesseract OCR, version 5.3.1
INFO  []             AliasPatterns 134  | Alias patterns: [(IMSLP[0-9]*)-.*]
INFO  []                      Main 247  | Running in batch mode
WARN  []                 Languages 142  | *** No installed OCR languages ***
INFO  []                      Main 193  | Submitting 1 task(s) in sequence:
    Input "/input/score_23.pdf"
INFO  [score_23]                      Book 562  | 1 sheet in /input/score_23.pdf
INFO  []                      Book 2531 | Stored /book.xml
INFO  []                      Book 2491 | Book stored as /output/score_23.omr
INFO  []                      Book 1933 | Book reaching PAGE on sheets:[#1]
INFO  [score_23]            StepMonitoring 98   | LOAD
WARN  [score_23]           PostScriptTable 74   | No PostScript name data is provided for the font null
INFO  [score_23]    FileSystemFontProvider 665  | 22 new font files found, font cache will be re-built
INFO  [score_23]    FileSystemFontProvider 369  | Building on-disk font cache, this may take a while
INFO  [score_23]    FileSystemFontProvider 372  | Finished building on-disk font cache, found 22 fonts
WARN  [score_23]            PDTrueTypeFont 148  | Using fallback font LiberationSans for TimesNewRomanPSMT
WARN  [score_23]            PDTrueTypeFont 148  | Using fallback font LiberationSans for Algerian
WARN  [score_23]            PDTrueTypeFont 148  | Using fallback font LiberationSans for TrebuchetMS-Italic
WARN  [score_23]            PDTrueTypeFont 148  | Using fallback font LiberationSans for TwCenMT-CondensedExtraBold
INFO  [score_23]                 SheetStub 1268 | Loaded image #1 2550x3299 from /input/score_23.pdf
INFO  [score_23]            StepMonitoring 98   | BINARY
INFO  [score_23]            StepMonitoring 98   | SCALE
INFO  [score_23]              ScaleBuilder 241  | Beam  guessed height:  9 -- 0.50 of 18 interline
INFO  [score_23]              ScaleBuilder 264  | Beam measured height:  9 -- 0.31 of [5..18] range at 350% of needed quorum
INFO  [score_23]                 ScaleStep 65   | Scale{ interline(17,18,18) line(1,1,2) beam(9)}
INFO  [score_23]            StepMonitoring 98   | GRID
INFO  [score_23]            LinesRetriever 1500 | Global slope: 0.00000
INFO  [score_23]         ClustersRetriever 328  | Retrieved raw line clusters: 8 of sizes [5] with interline(17,18,18)
INFO  [score_23]                 PeakGraph 310  | Systems: #1[1, 2] #2[3, 4] #3[5, 6] #4[7] #5[8]
INFO  [score_23]             BarsRetriever 1304 | System#1
INFO  [score_23]             BarsRetriever 1307 |    PartGroup{bracket number:1 barline:false staves:1-2}
INFO  [score_23]             BarsRetriever 1304 | System#2
INFO  [score_23]             BarsRetriever 1307 |    PartGroup{bracket number:1 barline:false staves:3-4}
INFO  [score_23]             BarsRetriever 1304 | System#3
INFO  [score_23]             BarsRetriever 1307 |    PartGroup{bracket number:1 barline:true staves:5-6}
INFO  [score_23]             SystemManager 779  | 2 parts along 5 systems
INFO  [score_23]                      Book 545  | Created scores: [{Score 1}]
INFO  [score_23]            StepMonitoring 98   | HEADERS
INFO  []           BasicClassifier 277  | Classifier loaded XML norms.
INFO  []        AbstractClassifier 396  | Classifier data loaded from default uri jar:file:/app/audiveris.jar!/res/basic-classifier.zip
INFO  [score_23]            StepMonitoring 98   | STEM_SEEDS
INFO  [score_23]             StemSeedsStep 86   | stem(2 max:4)
INFO  [score_23]            StepMonitoring 98   | BEAMS
INFO  [score_23]            StepMonitoring 98   | LEDGERS
INFO  [score_23]            StepMonitoring 98   | HEADS
INFO  [score_23]             HeadSeedTally 235  | Scale information: HeadSeeds{NOTEHEAD_BLACK[L:0.8,R:1.0]}
INFO  [score_23]            StepMonitoring 98   | STEMS
INFO  [score_23]            StepMonitoring 98   | REDUCTION
INFO  [score_23]             ReductionStep 105  | Stems free length median value: 61 pixels, 3.4 interlines
INFO  [score_23]            StepMonitoring 98   | CUE_BEAMS
INFO  [score_23]              CueBeamsStep 81   | Step CUE_BEAMS is skipped because small heads switch is off
INFO  [score_23]            StepMonitoring 98   | TEXTS
WARN  [score_23]              TesseractOCR 335  | The collection of supported languages is empty
INFO  [score_23]                   OcrUtil 106  | Missing support for 'eng' language(s)
INFO  [score_23]            StepMonitoring 98   | MEASURES
INFO  [score_23]                      Page 307  | 28 raw measures: [7 in system#1, 6 in system#2, 6 in system#3, 5 in system#4, 4 in system#5]
INFO  [score_23]            StepMonitoring 98   | CHORDS
INFO  [score_23]            StepMonitoring 98   | CURVES
INFO  [score_23]              SlursBuilder 240  | Slurs: 29
INFO  [score_23]           SegmentsBuilder 155  | Segments: 46
INFO  [score_23]            StepMonitoring 98   | SYMBOLS
INFO  [score_23]            StepMonitoring 98   | LINKS
INFO  [score_23]             SymbolsLinker 257  | No chord linked to OctaveShiftInter#12090{(0.223) staff:7 QUINDICESIMA BASSA}
INFO  [score_23]             SymbolsLinker 257  | No chord linked to OctaveShiftInter#12305{(0.223) staff:8 QUINDICESIMA ALTA}
INFO  [score_23]             SymbolsLinker 257  | No chord linked to OctaveShiftInter#12346{(0.228) staff:8 QUINDICESIMA ALTA}
INFO  [score_23]            StepMonitoring 98   | RHYTHMS
INFO  [score_23]            StepMonitoring 98   | PAGE
INFO  [score_23]                      Book 2550 | Book{score_23} storing
INFO  [score_23]                      Book 2531 | Stored /book.xml
INFO  [score_23]                DataHolder 348  | Stored /sheet#1/BINARY.png
INFO  [score_23]                     Sheet 1562 | Stored /sheet#1/sheet#1.xml
INFO  [score_23]                      Book 2491 | Book stored as /output/score_23.omr
INFO  [score_23]                 SheetStub 1644 | Disposed sheet
INFO  [score_23]                      Book 2018 | End of Stub#1 memory: 39,318,872
INFO  [score_23]                      Book 2025 | Book processed.
INFO  [score_23]                 SheetStub 995  | Loaded /sheet#1/sheet#1.xml
INFO  [score_23]           PartwiseBuilder 2661 | Exporting sheet(s): [#1]
INFO  [score_23]                      Part 351  | Sheet#1 System#4 Part#2{ staves[7] configs:[5]} dummyPart id: 1
INFO  [score_23]                      Part 351  | Sheet#1 System#5 Part#2{ staves[8] configs:[5]} dummyPart id: 1
INFO  [score_23]             ScoreExporter 164  | Score score_23 exported to /output/score_23.mxl
INFO  [score_23]                     Score 181  | Closing {Score 1}
