2025-05-20 00:27:44,001 INFO [score_4]                 Book.java:562  | 1 sheet in /input/score_4.pdf
2025-05-20 00:27:44,119 INFO []                 Book.java:2531 | Stored /book.xml
2025-05-20 00:27:44,120 INFO []                 Book.java:2491 | Book stored as /output/score_4.omr
2025-05-20 00:27:44,130 INFO []                 Book.java:1933 | Book reaching PAGE on sheets:[#1]
2025-05-20 00:27:44,131 INFO [score_4]       StepMonitoring.java:98   | LOAD
2025-05-20 00:27:44,287 WARN [score_4]      PostScriptTable.java:74   | No PostScript name data is provided for the font null
2025-05-20 00:27:44,325 INFO [score_4] FileSystemFontProvider.java:665  | 22 new font files found, font cache will be re-built
2025-05-20 00:27:44,326 INFO [score_4] FileSystemFontProvider.java:369  | Building on-disk font cache, this may take a while
2025-05-20 00:27:44,351 INFO [score_4] FileSystemFontProvider.java:372  | Finished building on-disk font cache, found 22 fonts
2025-05-20 00:27:44,352 WARN [score_4]       PDTrueTypeFont.java:148  | Using fallback font LiberationSans for TimesNewRomanPSMT
2025-05-20 00:27:44,407 WARN [score_4]       PDTrueTypeFont.java:148  | Using fallback font LiberationSans for Algerian
2025-05-20 00:27:44,410 WARN [score_4]       PDTrueTypeFont.java:148  | Using fallback font LiberationSans for TrebuchetMS-Italic
2025-05-20 00:27:44,487 WARN [score_4]       PDTrueTypeFont.java:148  | Using fallback font LiberationSans for TwCenMT-CondensedExtraBold
2025-05-20 00:27:44,509 INFO [score_4]            SheetStub.java:1268 | Loaded image #1 2550x3299 from /input/score_4.pdf
2025-05-20 00:27:44,514 INFO [score_4]       StepMonitoring.java:98   | BINARY
2025-05-20 00:27:44,818 INFO [score_4]       StepMonitoring.java:98   | SCALE
2025-05-20 00:27:44,837 INFO [score_4]         ScaleBuilder.java:241  | Beam  guessed height:  9 -- 0.50 of 18 interline
2025-05-20 00:27:44,839 INFO [score_4]         ScaleBuilder.java:264  | Beam measured height:  9 -- 0.31 of [5..18] range at 350% of needed quorum
2025-05-20 00:27:44,840 INFO [score_4]            ScaleStep.java:65   | Scale{ interline(17,18,18) line(1,1,2) beam(9)}
2025-05-20 00:27:44,841 INFO [score_4]       StepMonitoring.java:98   | GRID
2025-05-20 00:27:45,182 INFO [score_4]       LinesRetriever.java:1500 | Global slope: 0.00000
2025-05-20 00:27:45,201 INFO [score_4]    ClustersRetriever.java:328  | Retrieved raw line clusters: 8 of sizes [5] with interline(17,18,18)
2025-05-20 00:27:45,306 INFO [score_4]            PeakGraph.java:310  | Systems: #1[1, 2] #2[3, 4] #3[5, 6] #4[7] #5[8]
2025-05-20 00:27:45,353 INFO [score_4]        BarsRetriever.java:1304 | System#1
2025-05-20 00:27:45,353 INFO [score_4]        BarsRetriever.java:1307 |    PartGroup{bracket number:1 barline:false staves:1-2}
2025-05-20 00:27:45,354 INFO [score_4]        BarsRetriever.java:1304 | System#2
2025-05-20 00:27:45,354 INFO [score_4]        BarsRetriever.java:1307 |    PartGroup{bracket number:1 barline:false staves:3-4}
2025-05-20 00:27:45,355 INFO [score_4]        BarsRetriever.java:1304 | System#3
2025-05-20 00:27:45,355 INFO [score_4]        BarsRetriever.java:1307 |    PartGroup{bracket number:1 barline:true staves:5-6}
2025-05-20 00:27:45,544 INFO [score_4]        SystemManager.java:779  | 2 parts along 5 systems
2025-05-20 00:27:45,545 INFO [score_4]                 Book.java:545  | Created scores: [{Score 1}]
2025-05-20 00:27:45,546 INFO [score_4]       StepMonitoring.java:98   | HEADERS
2025-05-20 00:27:45,716 INFO [score_4]      BasicClassifier.java:277  | Classifier loaded XML norms.
2025-05-20 00:27:45,719 INFO [score_4]   AbstractClassifier.java:396  | Classifier data loaded from default uri jar:file:/app/audiveris.jar!/res/basic-classifier.zip
2025-05-20 00:27:46,163 INFO [score_4]       StepMonitoring.java:98   | STEM_SEEDS
2025-05-20 00:27:46,202 INFO [score_4]        StemSeedsStep.java:86   | stem(2 max:4)
2025-05-20 00:27:46,261 INFO [score_4]       StepMonitoring.java:98   | BEAMS
2025-05-20 00:27:48,197 INFO [score_4]       StepMonitoring.java:98   | LEDGERS
2025-05-20 00:27:48,533 INFO [score_4]       StepMonitoring.java:98   | HEADS
2025-05-20 00:27:50,288 INFO [score_4]        HeadSeedTally.java:235  | Scale information: HeadSeeds{NOTEHEAD_BLACK[L:0.8,R:1.0]}
2025-05-20 00:27:50,289 INFO [score_4]       StepMonitoring.java:98   | STEMS
2025-05-20 00:27:51,142 INFO [score_4]       StepMonitoring.java:98   | REDUCTION
2025-05-20 00:27:51,289 INFO [score_4]        ReductionStep.java:105  | Stems free length median value: 61 pixels, 3.4 interlines
2025-05-20 00:27:51,295 INFO [score_4]       StepMonitoring.java:98   | CUE_BEAMS
2025-05-20 00:27:51,296 INFO [score_4]         CueBeamsStep.java:81   | Step CUE_BEAMS is skipped because small heads switch is off
2025-05-20 00:27:51,297 INFO [score_4]       StepMonitoring.java:98   | TEXTS
2025-05-20 00:27:51,390 WARN [score_4]         TesseractOCR.java:335  | The collection of supported languages is empty
2025-05-20 00:27:51,390 INFO [score_4]              OcrUtil.java:106  | Missing support for 'eng' language(s)
2025-05-20 00:27:51,397 INFO [score_4]       StepMonitoring.java:98   | MEASURES
2025-05-20 00:27:51,408 INFO [score_4]                 Page.java:307  | 28 raw measures: [7 in system#1, 6 in system#2, 6 in system#3, 5 in system#4, 4 in system#5]
2025-05-20 00:27:51,409 INFO [score_4]       StepMonitoring.java:98   | CHORDS
2025-05-20 00:27:51,426 INFO [score_4]       StepMonitoring.java:98   | CURVES
2025-05-20 00:27:52,409 INFO [score_4]         SlursBuilder.java:240  | Slurs: 29
2025-05-20 00:27:52,432 INFO [score_4]      SegmentsBuilder.java:155  | Segments: 46
2025-05-20 00:27:52,438 INFO [score_4]       StepMonitoring.java:98   | SYMBOLS
2025-05-20 00:27:53,696 INFO [score_4]       StepMonitoring.java:98   | LINKS
2025-05-20 00:27:53,728 INFO [score_4]        SymbolsLinker.java:257  | No chord linked to OctaveShiftInter#11807{(0.223) staff:7 QUINDICESIMA BASSA}
2025-05-20 00:27:53,732 INFO [score_4]        SymbolsLinker.java:257  | No chord linked to OctaveShiftInter#12024{(0.223) staff:8 QUINDICESIMA ALTA}
2025-05-20 00:27:53,732 INFO [score_4]        SymbolsLinker.java:257  | No chord linked to OctaveShiftInter#12065{(0.228) staff:8 QUINDICESIMA ALTA}
2025-05-20 00:27:53,736 INFO [score_4]       StepMonitoring.java:98   | RHYTHMS
2025-05-20 00:27:53,792 INFO [score_4]       StepMonitoring.java:98   | PAGE
2025-05-20 00:27:53,799 INFO [score_4]                 Book.java:2550 | Book{score_4} storing
2025-05-20 00:27:53,888 INFO [score_4]                 Book.java:2531 | Stored /book.xml
2025-05-20 00:27:54,023 INFO [score_4]           DataHolder.java:348  | Stored /sheet#1/BINARY.png
2025-05-20 00:27:54,440 INFO [score_4]                Sheet.java:1562 | Stored /sheet#1/sheet#1.xml
2025-05-20 00:27:54,441 INFO [score_4]                 Book.java:2491 | Book stored as /output/score_4.omr
2025-05-20 00:27:54,455 INFO [score_4]            SheetStub.java:1644 | Disposed sheet
2025-05-20 00:27:54,505 INFO [score_4]                 Book.java:2018 | End of Stub#1 memory: 39,392,640
2025-05-20 00:27:54,506 INFO [score_4]                 Book.java:2025 | Book processed.
2025-05-20 00:27:54,890 INFO [score_4]            SheetStub.java:995  | Loaded /sheet#1/sheet#1.xml
2025-05-20 00:27:55,107 INFO [score_4]      PartwiseBuilder.java:2661 | Exporting sheet(s): [#1]
2025-05-20 00:27:55,120 INFO [score_4]                 Part.java:351  | Sheet#1 System#4 Part#2{ staves[7] configs:[5]} dummyPart id: 1
2025-05-20 00:27:55,123 INFO [score_4]                 Part.java:351  | Sheet#1 System#5 Part#2{ staves[8] configs:[5]} dummyPart id: 1
2025-05-20 00:27:55,201 INFO [score_4]        ScoreExporter.java:164  | Score score_4 exported to /output/score_4.mxl
2025-05-20 00:27:55,240 INFO [score_4]                Score.java:181  | Closing {Score 1}
