2025-05-20 01:36:31,472 INFO [score_12]                 Book.java:562  | 1 sheet in /input/score_12.pdf
2025-05-20 01:36:31,585 INFO []                 Book.java:2531 | Stored /book.xml
2025-05-20 01:36:31,585 INFO []                 Book.java:2491 | Book stored as /output/score_12.omr
2025-05-20 01:36:31,595 INFO []                 Book.java:1933 | Book reaching PAGE on sheets:[#1]
2025-05-20 01:36:31,597 INFO [score_12]       StepMonitoring.java:98   | LOAD
2025-05-20 01:36:31,752 WARN [score_12]      PostScriptTable.java:74   | No PostScript name data is provided for the font null
2025-05-20 01:36:31,791 INFO [score_12] FileSystemFontProvider.java:665  | 22 new font files found, font cache will be re-built
2025-05-20 01:36:31,792 INFO [score_12] FileSystemFontProvider.java:369  | Building on-disk font cache, this may take a while
2025-05-20 01:36:31,813 INFO [score_12] FileSystemFontProvider.java:372  | Finished building on-disk font cache, found 22 fonts
2025-05-20 01:36:31,814 WARN [score_12]       PDTrueTypeFont.java:148  | Using fallback font LiberationSans for TimesNewRomanPSMT
2025-05-20 01:36:31,881 WARN [score_12]       PDTrueTypeFont.java:148  | Using fallback font LiberationSans for Algerian
2025-05-20 01:36:31,888 WARN [score_12]       PDTrueTypeFont.java:148  | Using fallback font LiberationSans for TrebuchetMS-Italic
2025-05-20 01:36:31,966 WARN [score_12]       PDTrueTypeFont.java:148  | Using fallback font LiberationSans for TwCenMT-CondensedExtraBold
2025-05-20 01:36:31,990 INFO [score_12]            SheetStub.java:1268 | Loaded image #1 2550x3299 from /input/score_12.pdf
2025-05-20 01:36:31,994 INFO [score_12]       StepMonitoring.java:98   | BINARY
2025-05-20 01:36:32,334 INFO [score_12]       StepMonitoring.java:98   | SCALE
2025-05-20 01:36:32,356 INFO [score_12]         ScaleBuilder.java:241  | Beam  guessed height:  9 -- 0.50 of 18 interline
2025-05-20 01:36:32,358 INFO [score_12]         ScaleBuilder.java:264  | Beam measured height:  9 -- 0.31 of [5..18] range at 350% of needed quorum
2025-05-20 01:36:32,358 INFO [score_12]            ScaleStep.java:65   | Scale{ interline(17,18,18) line(1,1,2) beam(9)}
2025-05-20 01:36:32,359 INFO [score_12]       StepMonitoring.java:98   | GRID
2025-05-20 01:36:32,800 INFO [score_12]       LinesRetriever.java:1500 | Global slope: 0.00000
2025-05-20 01:36:32,825 INFO [score_12]    ClustersRetriever.java:328  | Retrieved raw line clusters: 8 of sizes [5] with interline(17,18,18)
2025-05-20 01:36:32,940 INFO [score_12]            PeakGraph.java:310  | Systems: #1[1, 2] #2[3, 4] #3[5, 6] #4[7] #5[8]
2025-05-20 01:36:32,992 INFO [score_12]        BarsRetriever.java:1304 | System#1
2025-05-20 01:36:32,993 INFO [score_12]        BarsRetriever.java:1307 |    PartGroup{bracket number:1 barline:false staves:1-2}
2025-05-20 01:36:32,993 INFO [score_12]        BarsRetriever.java:1304 | System#2
2025-05-20 01:36:32,994 INFO [score_12]        BarsRetriever.java:1307 |    PartGroup{bracket number:1 barline:false staves:3-4}
2025-05-20 01:36:32,994 INFO [score_12]        BarsRetriever.java:1304 | System#3
2025-05-20 01:36:32,995 INFO [score_12]        BarsRetriever.java:1307 |    PartGroup{bracket number:1 barline:true staves:5-6}
2025-05-20 01:36:33,205 INFO [score_12]        SystemManager.java:779  | 2 parts along 5 systems
2025-05-20 01:36:33,206 INFO [score_12]                 Book.java:545  | Created scores: [{Score 1}]
2025-05-20 01:36:33,207 INFO [score_12]       StepMonitoring.java:98   | HEADERS
2025-05-20 01:36:33,433 INFO [score_12]      BasicClassifier.java:277  | Classifier loaded XML norms.
2025-05-20 01:36:33,437 INFO [score_12]   AbstractClassifier.java:396  | Classifier data loaded from default uri jar:file:/app/audiveris.jar!/res/basic-classifier.zip
2025-05-20 01:36:33,900 INFO [score_12]       StepMonitoring.java:98   | STEM_SEEDS
2025-05-20 01:36:33,949 INFO [score_12]        StemSeedsStep.java:86   | stem(2 max:4)
2025-05-20 01:36:34,018 INFO [score_12]       StepMonitoring.java:98   | BEAMS
2025-05-20 01:36:35,920 INFO [score_12]       StepMonitoring.java:98   | LEDGERS
2025-05-20 01:36:36,381 INFO [score_12]       StepMonitoring.java:98   | HEADS
2025-05-20 01:36:38,524 INFO [score_12]        HeadSeedTally.java:235  | Scale information: HeadSeeds{NOTEHEAD_BLACK[L:0.8,R:1.0]}
2025-05-20 01:36:38,525 INFO [score_12]       StepMonitoring.java:98   | STEMS
2025-05-20 01:36:39,442 INFO [score_12]       StepMonitoring.java:98   | REDUCTION
2025-05-20 01:36:39,588 INFO [score_12]        ReductionStep.java:105  | Stems free length median value: 61 pixels, 3.4 interlines
2025-05-20 01:36:39,597 INFO [score_12]       StepMonitoring.java:98   | CUE_BEAMS
2025-05-20 01:36:39,598 INFO [score_12]         CueBeamsStep.java:81   | Step CUE_BEAMS is skipped because small heads switch is off
2025-05-20 01:36:39,598 INFO [score_12]       StepMonitoring.java:98   | TEXTS
2025-05-20 01:36:39,709 WARN [score_12]         TesseractOCR.java:335  | The collection of supported languages is empty
2025-05-20 01:36:39,710 INFO [score_12]              OcrUtil.java:106  | Missing support for 'eng' language(s)
2025-05-20 01:36:39,721 INFO [score_12]       StepMonitoring.java:98   | MEASURES
2025-05-20 01:36:39,732 INFO [score_12]                 Page.java:307  | 28 raw measures: [7 in system#1, 6 in system#2, 6 in system#3, 5 in system#4, 4 in system#5]
2025-05-20 01:36:39,733 INFO [score_12]       StepMonitoring.java:98   | CHORDS
2025-05-20 01:36:39,755 INFO [score_12]       StepMonitoring.java:98   | CURVES
2025-05-20 01:36:41,076 INFO [score_12]         SlursBuilder.java:240  | Slurs: 29
2025-05-20 01:36:41,101 INFO [score_12]      SegmentsBuilder.java:155  | Segments: 46
2025-05-20 01:36:41,108 INFO [score_12]       StepMonitoring.java:98   | SYMBOLS
2025-05-20 01:36:42,529 INFO [score_12]       StepMonitoring.java:98   | LINKS
2025-05-20 01:36:42,563 INFO [score_12]        SymbolsLinker.java:257  | No chord linked to OctaveShiftInter#11861{(0.223) staff:7 QUINDICESIMA BASSA}
2025-05-20 01:36:42,568 INFO [score_12]        SymbolsLinker.java:257  | No chord linked to OctaveShiftInter#12086{(0.223) staff:8 QUINDICESIMA ALTA}
2025-05-20 01:36:42,569 INFO [score_12]        SymbolsLinker.java:257  | No chord linked to OctaveShiftInter#12127{(0.228) staff:8 QUINDICESIMA ALTA}
2025-05-20 01:36:42,573 INFO [score_12]       StepMonitoring.java:98   | RHYTHMS
2025-05-20 01:36:42,624 INFO [score_12]       StepMonitoring.java:98   | PAGE
2025-05-20 01:36:42,631 INFO [score_12]                 Book.java:2550 | Book{score_12} storing
2025-05-20 01:36:42,742 INFO [score_12]                 Book.java:2531 | Stored /book.xml
2025-05-20 01:36:42,891 INFO [score_12]           DataHolder.java:348  | Stored /sheet#1/BINARY.png
2025-05-20 01:36:43,320 INFO [score_12]                Sheet.java:1562 | Stored /sheet#1/sheet#1.xml
2025-05-20 01:36:43,320 INFO [score_12]                 Book.java:2491 | Book stored as /output/score_12.omr
2025-05-20 01:36:43,336 INFO [score_12]            SheetStub.java:1644 | Disposed sheet
2025-05-20 01:36:43,388 INFO [score_12]                 Book.java:2018 | End of Stub#1 memory: 39,425,480
2025-05-20 01:36:43,389 INFO [score_12]                 Book.java:2025 | Book processed.
2025-05-20 01:36:43,882 INFO [score_12]            SheetStub.java:995  | Loaded /sheet#1/sheet#1.xml
2025-05-20 01:36:44,107 INFO [score_12]      PartwiseBuilder.java:2661 | Exporting sheet(s): [#1]
2025-05-20 01:36:44,118 INFO [score_12]                 Part.java:351  | Sheet#1 System#4 Part#2{ staves[7] configs:[5]} dummyPart id: 1
2025-05-20 01:36:44,121 INFO [score_12]                 Part.java:351  | Sheet#1 System#5 Part#2{ staves[8] configs:[5]} dummyPart id: 1
2025-05-20 01:36:44,219 INFO [score_12]        ScoreExporter.java:164  | Score score_12 exported to /output/score_12.mxl
2025-05-20 01:36:44,258 INFO [score_12]                Score.java:181  | Closing {Score 1}
